2025-10-02 16:52:06,811 - bot - INFO - ============================================================
2025-10-02 16:52:06,811 - bot - INFO - Initializing Binance Futures Trading Bot
2025-10-02 16:52:06,811 - bot - INFO - ============================================================
2025-10-02 16:52:08,138 - bot - INFO - Bot initialized in TESTNET mode
2025-10-02 16:52:08,139 - orders - INFO - OrderManager initialized
2025-10-02 16:52:14,129 - bot - ERROR - ✗ API Connection failed: APIError(code=-2015): Invalid API-key, IP, or permissions for action
2025-10-02 16:52:14,129 - __main__ - ERROR - Initialization failed: APIError(code=-2015): Invalid API-key, IP, or permissions for action
Traceback (most recent call last):
  File "/Users/ksploitX/Developer/Python/Binance TestNet Bot/main.py", line 65, in main
    bot = TradingBot()
  File "/Users/ksploitX/Developer/Python/Binance TestNet Bot/bot.py", line 33, in __init__
    self._validate_connection()
    ~~~~~~~~~~~~~~~~~~~~~~~~~^^
  File "/Users/ksploitX/Developer/Python/Binance TestNet Bot/bot.py", line 38, in _validate_connection
    account = self.client.futures_account()
  File "/Users/ksploitX/Developer/Python/Binance TestNet Bot/.venv/lib/python3.13/site-packages/binance/client.py", line 7793, in futures_account
    return self._request_futures_api("get", "account", True, 2, data=params)
           ~~~~~~~~~~~~~~~~~~~~~~~~~^^^^^^^^^^^^^^^^^^^^^^^^^^^^^^^^^^^^^^^^
  File "/Users/ksploitX/Developer/Python/Binance TestNet Bot/.venv/lib/python3.13/site-packages/binance/client.py", line 126, in _request_futures_api
    return self._request(method, uri, signed, force_params, **kwargs)
           ~~~~~~~~~~~~~^^^^^^^^^^^^^^^^^^^^^^^^^^^^^^^^^^^^^^^^^^^^^
  File "/Users/ksploitX/Developer/Python/Binance TestNet Bot/.venv/lib/python3.13/site-packages/binance/client.py", line 89, in _request
    return self._handle_response(self.response)
           ~~~~~~~~~~~~~~~~~~~~~^^^^^^^^^^^^^^^
  File "/Users/ksploitX/Developer/Python/Binance TestNet Bot/.venv/lib/python3.13/site-packages/binance/client.py", line 98, in _handle_response
    raise BinanceAPIException(response, response.status_code, response.text)
binance.exceptions.BinanceAPIException: APIError(code=-2015): Invalid API-key, IP, or permissions for action
